# JRE version: Java(TM) SE Runtime Environment (8.0_131-b11) (build 1.8.0_131-b11)
# Java VM: Java HotSpot(TM) 64-Bit Server VM (25.131-b11 mixed mode windows-amd64 compressed oops)
Heap:
 PSYoungGen      total 397312K, used 151502K [0x000000076b200000, 0x0000000785c80000, 0x00000007c0000000)
  eden space 383488K, 35% used [0x000000076b200000,0x00000007738775d8,0x0000000782880000)
  from space 13824K, 99% used [0x0000000784f00000,0x0000000785c7c310,0x0000000785c80000)
  to   space 16896K, 0% used [0x0000000783b80000,0x0000000783b80000,0x0000000784c00000)
 ParOldGen       total 179200K, used 44892K [0x00000006c1600000, 0x00000006cc500000, 0x000000076b200000)
  object space 179200K, 25% used [0x00000006c1600000,0x00000006c41d7098,0x00000006cc500000)
 Metaspace       used 63534K, capacity 64222K, committed 64728K, reserved 1105920K
  class space    used 8671K, capacity 8859K, committed 8960K, reserved 1048576K
GC Heap History (10 events):
Event: 6.690 GC heap before
{Heap before GC invocations=9 (full 2):
 PSYoungGen      total 245760K, used 10743K [0x000000076b200000, 0x0000000785e80000, 0x00000007c0000000)
  eden space 235008K, 0% used [0x000000076b200000,0x000000076b200000,0x0000000779780000)
  from space 10752K, 99% used [0x0000000779780000,0x000000077a1fde38,0x000000077a200000)
  to   space 15872K, 0% used [0x0000000784f00000,0x0000000784f00000,0x0000000785e80000)
 ParOldGen       total 82432K, used 14774K [0x00000006c1600000, 0x00000006c6680000, 0x000000076b200000)
  object space 82432K, 17% used [0x00000006c1600000,0x00000006c246dad0,0x00000006c6680000)
 Metaspace       used 34864K, capacity 35184K, committed 35456K, reserved 1081344K
  class space    used 4310K, capacity 4397K, committed 4480K, reserved 1048576K
Event: 6.773 GC heap after
Heap after GC invocations=9 (full 2):
 PSYoungGen      total 245760K, used 0K [0x000000076b200000, 0x0000000785e80000, 0x00000007c0000000)
  eden space 235008K, 0% used [0x000000076b200000,0x000000076b200000,0x0000000779780000)
  from space 10752K, 0% used [0x0000000779780000,0x0000000779780000,0x000000077a200000)
  to   space 15872K, 0% used [0x0000000784f00000,0x0000000784f00000,0x0000000785e80000)
 ParOldGen       total 126976K, used 22641K [0x00000006c1600000, 0x00000006c9200000, 0x000000076b200000)
  object space 126976K, 17% used [0x00000006c1600000,0x00000006c2c1c730,0x00000006c9200000)
 Metaspace       used 34864K, capacity 35184K, committed 35456K, reserved 1081344K
  class space    used 4310K, capacity 4397K, committed 4480K, reserved 1048576K
}
Event: 9.700 GC heap before
{Heap before GC invocations=10 (full 2):
 PSYoungGen      total 245760K, used 235008K [0x000000076b200000, 0x0000000785e80000, 0x00000007c0000000)
  eden space 235008K, 100% used [0x000000076b200000,0x0000000779780000,0x0000000779780000)
  from space 10752K, 0% used [0x0000000779780000,0x0000000779780000,0x000000077a200000)
  to   space 15872K, 0% used [0x0000000784f00000,0x0000000784f00000,0x0000000785e80000)
 ParOldGen       total 126976K, used 22641K [0x00000006c1600000, 0x00000006c9200000, 0x000000076b200000)
  object space 126976K, 17% used [0x00000006c1600000,0x00000006c2c1c730,0x00000006c9200000)
 Metaspace       used 41885K, capacity 42256K, committed 42752K, reserved 1087488K
  class space    used 5218K, capacity 5309K, committed 5376K, reserved 1048576K
Event: 9.716 GC heap after
Heap after GC invocations=10 (full 2):
 PSYoungGen      total 397312K, used 13614K [0x000000076b200000, 0x0000000785c80000, 0x00000007c0000000)
  eden space 383488K, 0% used [0x000000076b200000,0x000000076b200000,0x0000000782880000)
  from space 13824K, 98% used [0x0000000784f00000,0x0000000785c4b808,0x0000000785c80000)
  to   space 16896K, 0% used [0x0000000783b80000,0x0000000783b80000,0x0000000784c00000)
 ParOldGen       total 126976K, used 22649K [0x00000006c1600000, 0x00000006c9200000, 0x000000076b200000)
  object space 126976K, 17% used [0x00000006c1600000,0x00000006c2c1e730,0x00000006c9200000)
 Metaspace       used 41885K, capacity 42256K, committed 42752K, reserved 1087488K
  class space    used 5218K, capacity 5309K, committed 5376K, reserved 1048576K
}
Event: 13.531 GC heap before
{Heap before GC invocations=11 (full 2):
 PSYoungGen      total 397312K, used 393040K [0x000000076b200000, 0x0000000785c80000, 0x00000007c0000000)
  eden space 383488K, 98% used [0x000000076b200000,0x0000000782488ba0,0x0000000782880000)
  from space 13824K, 98% used [0x0000000784f00000,0x0000000785c4b808,0x0000000785c80000)
  to   space 16896K, 0% used [0x0000000783b80000,0x0000000783b80000,0x0000000784c00000)
 ParOldGen       total 126976K, used 22649K [0x00000006c1600000, 0x00000006c9200000, 0x000000076b200000)
  object space 126976K, 17% used [0x00000006c1600000,0x00000006c2c1e730,0x00000006c9200000)
 Metaspace       used 58221K, capacity 58710K, committed 59096K, reserved 1099776K
  class space    used 8010K, capacity 8165K, committed 8192K, reserved 1048576K
Event: 13.560 GC heap after
Heap after GC invocations=11 (full 2):
 PSYoungGen      total 400384K, used 16893K [0x000000076b200000, 0x0000000785c80000, 0x00000007c0000000)
  eden space 383488K, 0% used [0x000000076b200000,0x000000076b200000,0x0000000782880000)
  from space 16896K, 99% used [0x0000000783b80000,0x0000000784bff670,0x0000000784c00000)
  to   space 13824K, 0% used [0x0000000784f00000,0x0000000784f00000,0x0000000785c80000)
 ParOldGen       total 126976K, used 33020K [0x00000006c1600000, 0x00000006c9200000, 0x000000076b200000)
  object space 126976K, 26% used [0x00000006c1600000,0x00000006c363f378,0x00000006c9200000)
 Metaspace       used 58221K, capacity 58710K, committed 59096K, reserved 1099776K
  class space    used 8010K, capacity 8165K, committed 8192K, reserved 1048576K
}
Event: 13.560 GC heap before
{Heap before GC invocations=12 (full 3):
 PSYoungGen      total 400384K, used 16893K [0x000000076b200000, 0x0000000785c80000, 0x00000007c0000000)
  eden space 383488K, 0% used [0x000000076b200000,0x000000076b200000,0x0000000782880000)
  from space 16896K, 99% used [0x0000000783b80000,0x0000000784bff670,0x0000000784c00000)
  to   space 13824K, 0% used [0x0000000784f00000,0x0000000784f00000,0x0000000785c80000)
 ParOldGen       total 126976K, used 33020K [0x00000006c1600000, 0x00000006c9200000, 0x000000076b200000)
  object space 126976K, 26% used [0x00000006c1600000,0x00000006c363f378,0x00000006c9200000)
 Metaspace       used 58221K, capacity 58710K, committed 59096K, reserved 1099776K
  class space    used 8010K, capacity 8165K, committed 8192K, reserved 1048576K
Event: 13.716 GC heap after
Heap after GC invocations=12 (full 3):
 PSYoungGen      total 400384K, used 0K [0x000000076b200000, 0x0000000785c80000, 0x00000007c0000000)
  eden space 383488K, 0% used [0x000000076b200000,0x000000076b200000,0x0000000782880000)
  from space 16896K, 0% used [0x0000000783b80000,0x0000000783b80000,0x0000000784c00000)
  to   space 13824K, 0% used [0x0000000784f00000,0x0000000784f00000,0x0000000785c80000)
 ParOldGen       total 179200K, used 44417K [0x00000006c1600000, 0x00000006cc500000, 0x000000076b200000)
  object space 179200K, 24% used [0x00000006c1600000,0x00000006c41606d0,0x00000006cc500000)
 Metaspace       used 58221K, capacity 58710K, committed 59096K, reserved 1099776K
  class space    used 8010K, capacity 8165K, committed 8192K, reserved 1048576K
}
Event: 16.888 GC heap before
{Heap before GC invocations=13 (full 3):
 PSYoungGen      total 400384K, used 383488K [0x000000076b200000, 0x0000000785c80000, 0x00000007c0000000)
  eden space 383488K, 100% used [0x000000076b200000,0x0000000782880000,0x0000000782880000)
  from space 16896K, 0% used [0x0000000783b80000,0x0000000783b80000,0x0000000784c00000)
  to   space 13824K, 0% used [0x0000000784f00000,0x0000000784f00000,0x0000000785c80000)
 ParOldGen       total 179200K, used 44417K [0x00000006c1600000, 0x00000006cc500000, 0x000000076b200000)
  object space 179200K, 24% used [0x00000006c1600000,0x00000006c41606d0,0x00000006cc500000)
 Metaspace       used 62569K, capacity 63216K, committed 63576K, reserved 1103872K
  class space    used 8578K, capacity 8750K, committed 8832K, reserved 1048576K
Event: 16.902 GC heap after
Heap after GC invocations=13 (full 3):
 PSYoungGen      total 397312K, used 13808K [0x000000076b200000, 0x0000000785c80000, 0x00000007c0000000)
  eden space 383488K, 0% used [0x000000076b200000,0x000000076b200000,0x0000000782880000)
  from space 13824K, 99% used [0x0000000784f00000,0x0000000785c7c310,0x0000000785c80000)
  to   space 16896K, 0% used [0x0000000783b80000,0x0000000783b80000,0x0000000784c00000)
 ParOldGen       total 179200K, used 44892K [0x00000006c1600000, 0x00000006cc500000, 0x000000076b200000)
  object space 179200K, 25% used [0x00000006c1600000,0x00000006c41d7098,0x00000006cc500000)
 Metaspace       used 62569K, capacity 63216K, committed 63576K, reserved 1103872K
  class space    used 8578K, capacity 8750K, committed 8832K, reserved 1048576K
}

